<?xml version="1.0" encoding="UTF-8"?>
<!-- Generated by org.testng.reporters.JUnitReportReporter -->
<testsuite hostname="XSC-10286" failures="0" tests="6" name="com.seleniumBasicPractice.Grouping" time="0.029" errors="0" timestamp="2023-06-16T18:04:07 IST" skipped="0">
  <testcase classname="com.seleniumBasicPractice.Grouping" name="groupC2" time="0.003"/>
  <system-out/>
  <testcase classname="com.seleniumBasicPractice.Grouping" name="groupA2" time="0.002"/>
  <system-out/>
  <testcase classname="com.seleniumBasicPractice.Grouping" name="groupC1" time="0.005"/>
  <system-out/>
  <testcase classname="com.seleniumBasicPractice.Grouping" name="groupB1" time="0.001"/>
  <system-out/>
  <testcase classname="com.seleniumBasicPractice.Grouping" name="groupA1" time="0.012"/>
  <system-out/>
  <testcase classname="com.seleniumBasicPractice.Grouping" name="groupB2" time="0.006"/>
  <system-out/>
</testsuite> <!-- com.seleniumBasicPractice.Grouping -->
