<?xml version="1.0" encoding="UTF-8"?>
<!-- Generated by org.testng.reporters.JUnitReportReporter -->
<testsuite hostname="XSC-10286" failures="0" tests="1" name="com.Database_Testing.First_Database" time="0.439" errors="0" timestamp="2023-07-05T16:41:10 IST" skipped="0">
  <testcase classname="com.Database_Testing.First_Database" name="selectOrders" time="0.439"/>
  <system-out/>
</testsuite> <!-- com.Database_Testing.First_Database -->
