<?xml version="1.0" encoding="UTF-8"?>
<!-- Generated by org.testng.reporters.JUnitReportReporter -->
<testsuite hostname="XSC-10286" failures="0" tests="4" name="com.testng.Metagroups" time="0.023" errors="0" timestamp="2023-07-27T15:16:57 IST" skipped="0">
  <testcase classname="com.testng.Metagroups" name="Submodule22" time="0.003"/>
  <system-out/>
  <testcase classname="com.testng.Metagroups" name="Submodule24" time="0.002"/>
  <system-out/>
  <testcase classname="com.testng.Metagroups" name="Submodule21" time="0.013"/>
  <system-out/>
  <testcase classname="com.testng.Metagroups" name="Submodule23" time="0.005"/>
  <system-out/>
</testsuite> <!-- com.testng.Metagroups -->
