<?xml version="1.0" encoding="UTF-8"?>
<!-- Generated by org.testng.reporters.JUnitReportReporter -->
<testsuite hostname="XSC-10286" failures="0" tests="1" name="com.testng.annotations14" time="0.009" errors="0" timestamp="2023-06-19T19:10:48 IST" skipped="0">
  <testcase classname="com.testng.annotations14" name="test" time="0.009"/>
  <system-out/>
</testsuite> <!-- com.testng.annotations14 -->
