<?xml version="1.0" encoding="UTF-8"?>
<!-- Generated by org.testng.reporters.JUnitReportReporter -->
<testsuite hostname="XSC-10286" failures="0" tests="9" name="com.testng.Invocation_count" time="0.055" errors="0" timestamp="2023-06-08T16:27:54 IST" skipped="0">
  <testcase classname="com.testng.Invocation_count" name="openeclipse" time="0.004"/>
  <system-out/>
  <testcase classname="com.testng.Invocation_count" name="openeclipse" time="0.011"/>
  <system-out/>
  <testcase classname="com.testng.Invocation_count" name="openeclipse" time="0.005"/>
  <system-out/>
  <testcase classname="com.testng.Invocation_count" name="openeclipse" time="0.011"/>
  <system-out/>
  <testcase classname="com.testng.Invocation_count" name="openeclipse" time="0.004"/>
  <system-out/>
  <testcase classname="com.testng.Invocation_count" name="run_eclipse" time="0.002"/>
  <system-out/>
  <testcase classname="com.testng.Invocation_count" name="run_eclipse" time="0.009"/>
  <system-out/>
  <testcase classname="com.testng.Invocation_count" name="run_eclipse" time="0.005"/>
  <system-out/>
  <testcase classname="com.testng.Invocation_count" name="closeclipse" time="0.004"/>
  <system-out/>
</testsuite> <!-- com.testng.Invocation_count -->
