<?xml version="1.0" encoding="UTF-8"?>
<!-- Generated by org.testng.reporters.JUnitReportReporter -->
<testsuite hostname="XSC-10286" failures="0" tests="2" name="com.testng.DataProvidersClass" time="0.011" errors="0" timestamp="2023-07-01T09:43:32 IST" skipped="0">
  <testcase classname="com.testng.DataProvidersClass" name="recivers" time="0.004"/>
  <system-out/>
  <testcase classname="com.testng.DataProvidersClass" name="recivers" time="0.007"/>
  <system-out/>
</testsuite> <!-- com.testng.DataProvidersClass -->
