<?xml version="1.0" encoding="UTF-8"?>
<!-- Generated by org.testng.reporters.JUnitReportReporter -->
<testsuite hostname="XSC-10286" failures="0" tests="2" name="com.testng.ParallelTest" time="57.144" errors="0" timestamp="2023-07-27T13:16:14 IST" skipped="0">
  <testcase classname="com.testng.ParallelTest" name="ChromeTest" time="10.743"/>
  <system-out/>
  <testcase classname="com.testng.ParallelTest" name="FirefoxTest" time="46.401"/>
  <system-out/>
</testsuite> <!-- com.testng.ParallelTest -->
