<?xml version="1.0" encoding="UTF-8"?>
<!-- Generated by org.testng.reporters.JUnitReportReporter -->
<testsuite hostname="XSC-10286" failures="0" tests="2" name="com.testng.dependency" time="0.012" errors="0" timestamp="2023-06-23T10:47:00 IST" skipped="1">
  <testcase classname="com.testng.dependency" name="college" time="0.012"/>
  <system-out/>
  <testcase classname="com.testng.dependency" name="highSchool">
    <skipped/>
  </testcase> <!-- highSchool -->
  <system-out/>
</testsuite> <!-- com.testng.dependency -->
