<?xml version="1.0" encoding="UTF-8"?>
<!-- Generated by org.testng.reporters.JUnitReportReporter -->
<testsuite hostname="XSC-10286" failures="0" tests="1" name="com.testng.FirefoxTest" time="8.316" errors="0" timestamp="2023-07-27T14:01:30 IST" skipped="0">
  <testcase classname="com.testng.FirefoxTest" name="FirefoxTestMethod" time="8.316"/>
  <system-out/>
</testsuite> <!-- com.testng.FirefoxTest -->
