<?xml version="1.0" encoding="UTF-8"?>
<!-- Generated by org.testng.reporters.JUnitReportReporter -->
<testsuite hostname="XSC-10286" failures="0" tests="3" name="com.testng.PriorityTest" time="0.010" errors="0" timestamp="2023-06-17T12:26:01 IST" skipped="0">
  <testcase classname="com.testng.PriorityTest" name="openeclipse" time="0.003"/>
  <system-out/>
  <testcase classname="com.testng.PriorityTest" name="run_eclipse" time="0.003"/>
  <system-out/>
  <testcase classname="com.testng.PriorityTest" name="closeclipse" time="0.004"/>
  <system-out/>
</testsuite> <!-- com.testng.PriorityTest -->
