<?xml version="1.0" encoding="UTF-8"?>
<!-- Generated by org.testng.reporters.JUnitReportReporter -->
<testsuite hostname="XSC-10286" failures="0" tests="1" name="com.testng.TestngAnnotations" time="0.011" errors="0" timestamp="2023-06-08T18:07:21 IST" skipped="0">
  <testcase classname="com.testng.TestngAnnotations" name="error" time="0.011"/>
  <system-out/>
</testsuite> <!-- com.testng.TestngAnnotations -->
