<?xml version="1.0" encoding="UTF-8"?>
<!-- Generated by org.testng.reporters.JUnitReportReporter -->
<testsuite hostname="XSC-10286" failures="0" tests="3" name="com.testng.Annotations" time="0.034" errors="0" timestamp="2023-06-23T11:00:40 IST" skipped="0">
  <testcase classname="com.testng.Annotations" name="tester2" time="0.016"/>
  <system-out/>
  <testcase classname="com.testng.Annotations" name="tester3" time="0.012"/>
  <system-out/>
  <testcase classname="com.testng.Annotations" name="tester1" time="0.006"/>
  <system-out/>
</testsuite> <!-- com.testng.Annotations -->
