<?xml version="1.0" encoding="UTF-8"?>
<!-- Generated by org.testng.reporters.JUnitReportReporter -->
<testsuite hostname="XSC-10286" failures="0" tests="8" name="com.testng.Groups_Of_Groups" time="0.025" errors="0" timestamp="2023-06-23T11:11:32 IST" skipped="0">
  <testcase classname="com.testng.Groups_Of_Groups" name="chicken" time="0.003"/>
  <system-out/>
  <testcase classname="com.testng.Groups_Of_Groups" name="orange" time="0.001"/>
  <system-out/>
  <testcase classname="com.testng.Groups_Of_Groups" name="cucumber" time="0.002"/>
  <system-out/>
  <testcase classname="com.testng.Groups_Of_Groups" name="apple" time="0.011"/>
  <system-out/>
  <testcase classname="com.testng.Groups_Of_Groups" name="mutton" time="0.002"/>
  <system-out/>
  <testcase classname="com.testng.Groups_Of_Groups" name="pork" time="0.001"/>
  <system-out/>
  <testcase classname="com.testng.Groups_Of_Groups" name="pineapple" time="0.002"/>
  <system-out/>
  <testcase classname="com.testng.Groups_Of_Groups" name="carrot" time="0.003"/>
  <system-out/>
</testsuite> <!-- com.testng.Groups_Of_Groups -->
