<?xml version="1.0" encoding="UTF-8"?>
<!-- Generated by org.testng.reporters.JUnitReportReporter -->
<testsuite hostname="XSC-10286" failures="0" tests="1" name="com.testng.Expected_Exception" time="0.015" errors="0" timestamp="2023-06-16T10:38:48 IST" skipped="0">
  <testcase classname="com.testng.Expected_Exception" name="demo" time="0.015"/>
  <system-out/>
</testsuite> <!-- com.testng.Expected_Exception -->
