<?xml version="1.0" encoding="UTF-8"?>
<!-- Generated by org.testng.reporters.JUnitReportReporter -->
<testsuite hostname="XSC-10286" failures="0" tests="3" name="com.testng.Enabled" time="0.023" errors="0" timestamp="2023-06-23T10:20:56 IST" skipped="0">
  <testcase classname="com.testng.Enabled" name="college" time="0.016"/>
  <system-out/>
  <testcase classname="com.testng.Enabled" name="nyinst" time="0.003"/>
  <system-out/>
  <testcase classname="com.testng.Enabled" name="highSchool" time="0.004"/>
  <system-out/>
</testsuite> <!-- com.testng.Enabled -->
