<?xml version="1.0" encoding="UTF-8"?>
<!-- Generated by org.testng.reporters.JUnitReportReporter -->
<testsuite hostname="XSC-10286" failures="0" tests="4" name="com.testng.Grouping" time="0.043" errors="0" timestamp="2023-06-24T09:34:26 IST" skipped="0">
  <testcase classname="com.testng.Grouping" name="orange" time="0.012"/>
  <system-out/>
  <testcase classname="com.testng.Grouping" name="cucumber" time="0.010"/>
  <system-out/>
  <testcase classname="com.testng.Grouping" name="pineapple" time="0.003"/>
  <system-out/>
  <testcase classname="com.testng.Grouping" name="carrot" time="0.018"/>
  <system-out/>
</testsuite> <!-- com.testng.Grouping -->
