<?xml version="1.0" encoding="UTF-8"?>
<!-- Generated by org.testng.reporters.JUnitReportReporter -->
<testsuite hostname="XSC-10286" failures="0" tests="4" name="com.testng.Data_Provider" time="0.022" errors="0" timestamp="2023-06-24T15:13:40 IST" skipped="0">
  <testcase classname="com.testng.Data_Provider" name="demo" time="0.004"/>
  <system-out/>
  <testcase classname="com.testng.Data_Provider" name="demo" time="0.003"/>
  <system-out/>
  <testcase classname="com.testng.Data_Provider" name="demo" time="0.011"/>
  <system-out/>
  <testcase classname="com.testng.Data_Provider" name="demo" time="0.004"/>
  <system-out/>
</testsuite> <!-- com.testng.Data_Provider -->
