<?xml version="1.0" encoding="UTF-8"?>
<!-- Generated by org.testng.reporters.JUnitReportReporter -->
<testsuite hostname="XSC-10286" failures="0" tests="1" name="teacherLoginpage.Login" time="3.300" errors="0" timestamp="2023-07-03T16:27:34 IST" skipped="0">
  <testcase classname="teacherLoginpage.Login" name="login" time="3.300"/>
  <system-out/>
</testsuite> <!-- teacherLoginpage.Login -->
