<?xml version="1.0" encoding="UTF-8"?>
<!-- Generated by org.testng.reporters.JUnitReportReporter -->
<testsuite hostname="XSC-10286" failures="0" tests="2" name="com.guidejuniorLive.guideJuniorsTest.StudentLogin" time="23.724" errors="1" timestamp="2023-07-03T17:22:48 IST" skipped="1">
  <testcase classname="com.guidejuniorLive.guideJuniorsTest.StudentLogin" name="setup" time="23.724">
    <error message="Could not start a new session. Response code 500. Message: An unknown server-side error occurred while processing the command. Original error: Could not find a connected Android device in 20093ms. 
Host info: host: &#039;XSC-10286&#039;, ip: &#039;192.168.1.102&#039;
Build info: version: &#039;4.10.0&#039;, revision: &#039;c14d967899&#039;
System info: os.name: &#039;Windows 10&#039;, os.arch: &#039;amd64&#039;, os.version: &#039;10.0&#039;, java.version: &#039;17.0.7&#039;
Driver info: io.appium.java_client.AppiumDriver
Command: [null, newSession {capabilities=[{appium:appActivity=com.guidejunior.ui.router.RouterActivity, appium:appPackage=com.guidejunior, appium:deviceName=D2502, platformName=ANDROID, appium:platformVersion=5.1.1, appium:udid=YT910XK7FL}], desiredCapabilities=Capabilities {appActivity: com.guidejunior.ui.router.R..., appPackage: com.guidejunior, deviceName: D2502, platformName: ANDROID, platformVersion: 5.1.1, udid: YT910XK7FL}}]
Capabilities {appActivity: com.guidejunior.ui.router.R..., appPackage: com.guidejunior, deviceName: D2502, platformName: ANDROID, platformVersion: 5.1.1, udid: YT910XK7FL}" type="org.openqa.selenium.SessionNotCreatedException">
      <![CDATA[org.openqa.selenium.SessionNotCreatedException: Could not start a new session. Response code 500. Message: An unknown server-side error occurred while processing the command. Original error: Could not find a connected Android device in 20093ms. 
Host info: host: 'XSC-10286', ip: '192.168.1.102'
Build info: version: '4.10.0', revision: 'c14d967899'
System info: os.name: 'Windows 10', os.arch: 'amd64', os.version: '10.0', java.version: '17.0.7'
Driver info: io.appium.java_client.AppiumDriver
Command: [null, newSession {capabilities=[{appium:appActivity=com.guidejunior.ui.router.RouterActivity, appium:appPackage=com.guidejunior, appium:deviceName=D2502, platformName=ANDROID, appium:platformVersion=5.1.1, appium:udid=YT910XK7FL}], desiredCapabilities=Capabilities {appActivity: com.guidejunior.ui.router.R..., appPackage: com.guidejunior, deviceName: D2502, platformName: ANDROID, platformVersion: 5.1.1, udid: YT910XK7FL}}]
Capabilities {appActivity: com.guidejunior.ui.router.R..., appPackage: com.guidejunior, deviceName: D2502, platformName: ANDROID, platformVersion: 5.1.1, udid: YT910XK7FL}
at org.openqa.selenium.remote.ProtocolHandshake.createSession(ProtocolHandshake.java:140)
at java.base/jdk.internal.reflect.NativeMethodAccessorImpl.invoke0(Native Method)
at java.base/jdk.internal.reflect.NativeMethodAccessorImpl.invoke(NativeMethodAccessorImpl.java:77)
at java.base/jdk.internal.reflect.DelegatingMethodAccessorImpl.invoke(DelegatingMethodAccessorImpl.java:43)
at java.base/java.lang.reflect.Method.invoke(Method.java:568)
at io.appium.java_client.remote.AppiumProtocolHandshake.createSession(AppiumProtocolHandshake.java:133)
at io.appium.java_client.remote.AppiumProtocolHandshake.createSession(AppiumProtocolHandshake.java:102)
at io.appium.java_client.remote.AppiumCommandExecutor.createSession(AppiumCommandExecutor.java:182)
at io.appium.java_client.remote.AppiumCommandExecutor.execute(AppiumCommandExecutor.java:250)
at org.openqa.selenium.remote.RemoteWebDriver.execute(RemoteWebDriver.java:531)
at io.appium.java_client.AppiumDriver.startSession(AppiumDriver.java:274)
at org.openqa.selenium.remote.RemoteWebDriver.<init>(RemoteWebDriver.java:154)
at io.appium.java_client.AppiumDriver.<init>(AppiumDriver.java:89)
at io.appium.java_client.AppiumDriver.<init>(AppiumDriver.java:101)
at com.guidejuniorLive.guideJuniorsTest.BaseClass.setup(BaseClass.java:42)
at java.base/jdk.internal.reflect.NativeMethodAccessorImpl.invoke0(Native Method)
at java.base/jdk.internal.reflect.NativeMethodAccessorImpl.invoke(NativeMethodAccessorImpl.java:77)
at java.base/jdk.internal.reflect.DelegatingMethodAccessorImpl.invoke(DelegatingMethodAccessorImpl.java:43)
at java.base/java.lang.reflect.Method.invoke(Method.java:568)
at org.testng.internal.MethodInvocationHelper.invokeMethod(MethodInvocationHelper.java:133)
at org.testng.internal.MethodInvocationHelper.invokeMethodConsideringTimeout(MethodInvocationHelper.java:62)
at org.testng.internal.ConfigInvoker.invokeConfigurationMethod(ConfigInvoker.java:385)
at org.testng.internal.ConfigInvoker.invokeConfigurations(ConfigInvoker.java:321)
at org.testng.SuiteRunner.privateRun(SuiteRunner.java:317)
at org.testng.SuiteRunner.run(SuiteRunner.java:276)
at org.testng.SuiteRunnerWorker.runSuite(SuiteRunnerWorker.java:53)
at org.testng.SuiteRunnerWorker.run(SuiteRunnerWorker.java:96)
at org.testng.TestNG.runSuitesSequentially(TestNG.java:1212)
at org.testng.TestNG.runSuitesLocally(TestNG.java:1134)
at org.testng.TestNG.runSuites(TestNG.java:1063)
at org.testng.TestNG.run(TestNG.java:1031)
at org.testng.remote.AbstractRemoteTestNG.run(AbstractRemoteTestNG.java:115)
at org.testng.remote.RemoteTestNG.initAndRun(RemoteTestNG.java:251)
at org.testng.remote.RemoteTestNG.main(RemoteTestNG.java:77)
]]>
    </error>
  </testcase> <!-- setup -->
  <system-out/>
  <testcase classname="com.guidejuniorLive.guideJuniorsTest.StudentLogin" name="dashboard" time="0.000">
    <skipped/>
  </testcase> <!-- dashboard -->
  <system-out/>
</testsuite> <!-- com.guidejuniorLive.guideJuniorsTest.StudentLogin -->
