<?xml version="1.0" encoding="UTF-8"?>
<!-- Generated by org.testng.reporters.JUnitReportReporter -->
<testsuite hostname="XSC-10286" failures="0" tests="1" name="com.intel.ExtraCurricalarActivitesIntelSchool" time="11.941" errors="0" timestamp="2023-06-27T18:13:09 IST" skipped="0">
  <testcase classname="com.intel.ExtraCurricalarActivitesIntelSchool" name="extraActivities" time="11.941"/>
  <system-out/>
</testsuite> <!-- com.intel.ExtraCurricalarActivitesIntelSchool -->
