<?xml version="1.0" encoding="UTF-8"?>
<!-- Generated by org.testng.reporters.JUnitReportReporter -->
<testsuite hostname="XSC-10286" failures="0" tests="2" name="com.intel.DashBoardFunctionalityIntelSchool" time="17.952" errors="0" timestamp="2023-06-27T18:13:09 IST" skipped="0">
  <testcase classname="com.intel.DashBoardFunctionalityIntelSchool" name="dashboard" time="6.868"/>
  <system-out/>
  <testcase classname="com.intel.DashBoardFunctionalityIntelSchool" name="view" time="11.084"/>
  <system-out/>
</testsuite> <!-- com.intel.DashBoardFunctionalityIntelSchool -->
