<?xml version="1.0" encoding="UTF-8"?>
<!-- Generated by org.testng.reporters.JUnitReportReporter -->
<testsuite hostname="XSC-10286" failures="0" tests="1" name="com.intel.MyattendenceintelSchool" time="20.828" errors="0" timestamp="2023-06-14T16:15:48 IST" skipped="0">
  <testcase classname="com.intel.MyattendenceintelSchool" name="attendence" time="20.828"/>
  <system-out/>
</testsuite> <!-- com.intel.MyattendenceintelSchool -->
