<?xml version="1.0" encoding="UTF-8"?>
<!-- Generated by org.testng.reporters.JUnitReportReporter -->
<testsuite hostname="XSC-10286" failures="0" tests="1" name="com.intel.Login_Pgae_Intel" time="13.809" errors="0" timestamp="2023-06-09T18:34:34 IST" skipped="0">
  <testcase classname="com.intel.Login_Pgae_Intel" name="teacher" time="13.809"/>
  <system-out/>
</testsuite> <!-- com.intel.Login_Pgae_Intel -->
