<?xml version="1.0" encoding="UTF-8"?>
<!-- Generated by org.testng.reporters.JUnitReportReporter -->
<testsuite hostname="XSC-10286" failures="0" tests="3" name="com.intel.SuiteTestNG" time="23.082" errors="0" timestamp="2023-06-16T16:17:20 IST" skipped="0">
  <testcase classname="com.intel.SuiteTestNG" name="Examples2" time="0.738"/>
  <system-out/>
  <testcase classname="com.intel.SuiteTestNG" name="Examples3" time="20.635"/>
  <system-out/>
  <testcase classname="com.intel.SuiteTestNG" name="Examples1" time="1.709"/>
  <system-out/>
</testsuite> <!-- com.intel.SuiteTestNG -->
