<?xml version="1.0" encoding="UTF-8"?>
<!-- Generated by org.testng.reporters.JUnitReportReporter -->
<testsuite hostname="XSC-10286" failures="0" tests="1" name="teacher.Login.IntellLogin" time="27.731" errors="0" timestamp="2023-06-21T11:05:36 IST" skipped="0">
  <testcase classname="teacher.Login.IntellLogin" name="browse" time="27.731"/>
  <system-out/>
</testsuite> <!-- teacher.Login.IntellLogin -->
