<?xml version="1.0" encoding="UTF-8"?>
<!-- Generated by org.testng.reporters.JUnitReportReporter -->
<testsuite hostname="XSC-10286" failures="0" tests="1" name="teacher.Login.LoginPage" time="5.055" errors="0" timestamp="2023-06-09T17:49:27 IST" skipped="0">
  <testcase classname="teacher.Login.LoginPage" name="techer" time="5.055"/>
  <system-out/>
</testsuite> <!-- teacher.Login.LoginPage -->
